<?xml version="1.0" encoding="UTF-8"?>
<testsuite name="com.coveros.hello_world_tests.EvenNumberGeneratorTest" tests="1" skipped="0" failures="0" errors="0" timestamp="2016-02-10T20:24:50" hostname="UBekishov-PC" time="0.004">
  <properties/>
  <testcase name="testRandomEvenNumberGenerator" classname="com.coveros.hello_world_tests.EvenNumberGeneratorTest" time="0.004"/>
  <system-out><![CDATA[]]></system-out>
  <system-err><![CDATA[]]></system-err>
</testsuite>
